Build started 4/29/2017 2:48:20 PM.
     1>Project "D:\Documents\ME - Graduate\Research\Projects\Project Chrono\SpiderBot\ChFiles\Spiderbot_build\Spiderbot.vcxproj" on node 3 (Build target(s)).
     1>CustomBuild:
         Building Custom Rule D:/Documents/ME - Graduate/Research/Projects/Project Chrono/SpiderBot/ChFiles/Spiderbot_source/CMakeLists.txt
         CMake does not need to re-run because D:\Documents\ME - Graduate\Research\Projects\Project Chrono\SpiderBot\ChFiles\Spiderbot_build\CMakeFiles\generate.stamp is up-to-date.
       ClCompile:
         C:\Program Files (x86)\Microsoft Visual Studio 12.0\VC\bin\x86_amd64\CL.exe /c /ID:\chrono_source\src /ID:\chrono_source\src\chrono /ID:\chrono_source\src\chrono\collision\bullet /ID:\chrono_source\src\chrono\collision\gimpact /ID:\chrono_source\src\chrono\collision\convexdecomposition\HACD /ID:\chrono_build /I"C:\Program Files (x86)\irrlicht-1.8.2\include" /IC:\Python\Python36\include /Zi /nologo /W3 /WX- /Od /Ob0 /D WIN32 /D _WINDOWS /D _DEBUG /D "CHRONO_DATA_DIR=\"D:/chrono_source/data/\"" /D _CRT_SECURE_NO_DEPRECATE /D _SCL_SECURE_NO_DEPRECATE /D "CMAKE_INTDIR=\"Debug\"" /D _MBCS /Gm- /EHsc /RTC1 /MDd /GS /fp:precise /Zc:wchar_t /Zc:forScope /GR /openmp /Fo"Spiderbot.dir\Debug\\" /Fd"Spiderbot.dir\Debug\vc120.pdb" /Gd /TP /wd4275 /wd4275 /errorReport:prompt "D:\Documents\ME - Graduate\Research\Projects\Project Chrono\SpiderBot\ChFiles\Spiderbot_source\Spiderbot.cpp"
         Spiderbot.cpp
     1>D:\Documents\ME - Graduate\Research\Projects\Project Chrono\SpiderBot\ChFiles\Spiderbot_source\Spiderbot.cpp(65): warning C4129: 'V' : unrecognized character escape sequence
     1>D:\Documents\ME - Graduate\Research\Projects\Project Chrono\SpiderBot\ChFiles\Spiderbot_source\Spiderbot.cpp(65): warning C4129: 'M' : unrecognized character escape sequence
     1>D:\Documents\ME - Graduate\Research\Projects\Project Chrono\SpiderBot\ChFiles\Spiderbot_source\Spiderbot.cpp(65): warning C4129: 'R' : unrecognized character escape sequence
     1>D:\Documents\ME - Graduate\Research\Projects\Project Chrono\SpiderBot\ChFiles\Spiderbot_source\Spiderbot.cpp(65): warning C4129: 'S' : unrecognized character escape sequence
     1>D:\Documents\ME - Graduate\Research\Projects\Project Chrono\SpiderBot\ChFiles\Spiderbot_source\Spiderbot.cpp(140): warning C4305: 'argument' : truncation from 'double' to 'irr::f32'
     1>D:\Documents\ME - Graduate\Research\Projects\Project Chrono\SpiderBot\ChFiles\Spiderbot_source\Spiderbot.cpp(142): warning C4305: 'argument' : truncation from 'double' to 'irr::f32'
     1>D:\Documents\ME - Graduate\Research\Projects\Project Chrono\SpiderBot\ChFiles\Spiderbot_source\Spiderbot.cpp(144): warning C4305: 'argument' : truncation from 'double' to 'irr::f32'
       Link:
         C:\Program Files (x86)\Microsoft Visual Studio 12.0\VC\bin\x86_amd64\link.exe /ERRORREPORT:PROMPT /OUT:"D:\Documents\ME - Graduate\Research\Projects\Project Chrono\SpiderBot\ChFiles\Spiderbot_build\Debug\Spiderbot.exe" /INCREMENTAL /NOLOGO kernel32.lib user32.lib gdi32.lib winspool.lib shell32.lib ole32.lib oleaut32.lib uuid.lib comdlg32.lib advapi32.lib "C:\Program Files (x86)\irrlicht-1.8.2\lib\Win64-visualStudio\Irrlicht.lib" D:\chrono_build\lib64\Release\ChronoEngine.lib D:\chrono_build\lib64\Release\ChronoEngine_irrlicht.lib D:\chrono_build\lib64\Release\_ChronoEngine_python_core.lib D:\chrono_build\lib64\Release\ChronoEngine_pyparser.lib D:\chrono_build\lib64\Release\_ChronoEngine_python_irrlicht.lib /MANIFEST /MANIFESTUAC:"level='asInvoker' uiAccess='false'" /manifest:embed /DEBUG /PDB:"D:/Documents/ME - Graduate/Research/Projects/Project Chrono/SpiderBot/ChFiles/Spiderbot_build/Debug/Spiderbot.pdb" /SUBSYSTEM:CONSOLE /TLBID:1 /DYNAMICBASE /NXCOMPAT /IMPLIB:"D:/Documents/ME - Graduate/Research/Projects/Project Chrono/SpiderBot/ChFiles/Spiderbot_build/Debug/Spiderbot.lib" /MACHINE:X64  /machine:x64 Spiderbot.dir\Debug\Spiderbot.obj
         Spiderbot.vcxproj -> D:\Documents\ME - Graduate\Research\Projects\Project Chrono\SpiderBot\ChFiles\Spiderbot_build\Debug\Spiderbot.exe
     1>Done Building Project "D:\Documents\ME - Graduate\Research\Projects\Project Chrono\SpiderBot\ChFiles\Spiderbot_build\Spiderbot.vcxproj" (Build target(s)).

Build succeeded.

Time Elapsed 00:00:03.19
